0 info it worked if it ends with ok
1 verbose cli [ '/usr/local/bin/node',
1 verbose cli   '/usr/local/bin/npm',
1 verbose cli   'install',
1 verbose cli   '-g',
1 verbose cli   'generator-webapp' ]
2 info using npm@1.4.28
3 info using node@v0.10.36
4 verbose cache add [ 'generator-webapp', null ]
5 verbose cache add name=undefined spec="generator-webapp" args=["generator-webapp",null]
6 verbose parsed url { protocol: null,
6 verbose parsed url   slashes: null,
6 verbose parsed url   auth: null,
6 verbose parsed url   host: null,
6 verbose parsed url   port: null,
6 verbose parsed url   hostname: null,
6 verbose parsed url   hash: null,
6 verbose parsed url   search: null,
6 verbose parsed url   query: null,
6 verbose parsed url   pathname: 'generator-webapp',
6 verbose parsed url   path: 'generator-webapp',
6 verbose parsed url   href: 'generator-webapp' }
7 silly lockFile 3c53199c-generator-webapp generator-webapp
8 verbose lock generator-webapp /Users/arnonhecht/.npm/3c53199c-generator-webapp.lock
9 silly lockFile 3c53199c-generator-webapp generator-webapp
10 silly lockFile 3c53199c-generator-webapp generator-webapp
11 verbose addNamed [ 'generator-webapp', '' ]
12 verbose addNamed [ null, '*' ]
13 silly lockFile e02d5f55-generator-webapp generator-webapp@
14 verbose lock generator-webapp@ /Users/arnonhecht/.npm/e02d5f55-generator-webapp.lock
15 silly addNameRange { name: 'generator-webapp', range: '*', hasData: false }
16 silly addNameRange number 2 { name: 'generator-webapp', range: '*', hasData: true }
17 silly addNameRange versions [ 'generator-webapp',
17 silly addNameRange   [ '0.1.0',
17 silly addNameRange     '0.1.1',
17 silly addNameRange     '0.1.2',
17 silly addNameRange     '0.1.3',
17 silly addNameRange     '0.1.4',
17 silly addNameRange     '0.1.5',
17 silly addNameRange     '0.1.6',
17 silly addNameRange     '0.1.7',
17 silly addNameRange     '0.2.0',
17 silly addNameRange     '0.2.1',
17 silly addNameRange     '0.2.2',
17 silly addNameRange     '0.2.3',
17 silly addNameRange     '0.2.4',
17 silly addNameRange     '0.2.5',
17 silly addNameRange     '0.2.6',
17 silly addNameRange     '0.2.7',
17 silly addNameRange     '0.3.0',
17 silly addNameRange     '0.3.1',
17 silly addNameRange     '0.4.0',
17 silly addNameRange     '0.4.1',
17 silly addNameRange     '0.4.2',
17 silly addNameRange     '0.4.3',
17 silly addNameRange     '0.4.4',
17 silly addNameRange     '0.4.5',
17 silly addNameRange     '0.4.6',
17 silly addNameRange     '0.4.7',
17 silly addNameRange     '0.4.8',
17 silly addNameRange     '0.4.9',
17 silly addNameRange     '0.5.0-1',
17 silly addNameRange     '0.5.0-rc.1',
17 silly addNameRange     '0.5.0-2',
17 silly addNameRange     '0.5.0',
17 silly addNameRange     '0.5.1' ] ]
18 verbose addNamed [ 'generator-webapp', '0.5.1' ]
19 verbose addNamed [ '0.5.1', '0.5.1' ]
20 silly lockFile c7c60681-generator-webapp-0-5-1 generator-webapp@0.5.1
21 verbose lock generator-webapp@0.5.1 /Users/arnonhecht/.npm/c7c60681-generator-webapp-0-5-1.lock
22 silly lockFile aff4f1ee-ebapp-generator-webapp-0-5-1-tgz https://registry.npmjs.org/generator-webapp/-/generator-webapp-0.5.1.tgz
23 verbose lock https://registry.npmjs.org/generator-webapp/-/generator-webapp-0.5.1.tgz /Users/arnonhecht/.npm/aff4f1ee-ebapp-generator-webapp-0-5-1-tgz.lock
24 verbose addRemoteTarball [ 'https://registry.npmjs.org/generator-webapp/-/generator-webapp-0.5.1.tgz',
24 verbose addRemoteTarball   '4581cd69d5d0010be777863fb4a887b4a9ddb173' ]
25 info retry fetch attempt 1 at 11:24:57
26 verbose fetch to= /var/folders/0x/lhb80rf11475c_sm0148v8980000gn/T/npm-7138-L2jQUk2u/registry.npmjs.org/generator-webapp/-/generator-webapp-0.5.1.tgz
27 http GET https://registry.npmjs.org/generator-webapp/-/generator-webapp-0.5.1.tgz
28 http 200 https://registry.npmjs.org/generator-webapp/-/generator-webapp-0.5.1.tgz
29 silly lockFile aff4f1ee-ebapp-generator-webapp-0-5-1-tgz https://registry.npmjs.org/generator-webapp/-/generator-webapp-0.5.1.tgz
30 silly lockFile aff4f1ee-ebapp-generator-webapp-0-5-1-tgz https://registry.npmjs.org/generator-webapp/-/generator-webapp-0.5.1.tgz
31 silly lockFile c7c60681-generator-webapp-0-5-1 generator-webapp@0.5.1
32 silly lockFile c7c60681-generator-webapp-0-5-1 generator-webapp@0.5.1
33 silly lockFile e02d5f55-generator-webapp generator-webapp@
34 silly lockFile e02d5f55-generator-webapp generator-webapp@
35 silly resolved [ { name: 'generator-webapp',
35 silly resolved     version: '0.5.1',
35 silly resolved     description: 'Scaffold out a front-end web app',
35 silly resolved     license: 'BSD',
35 silly resolved     repository:
35 silly resolved      { type: 'git',
35 silly resolved        url: 'https://github.com/yeoman/generator-webapp' },
35 silly resolved     author: { name: 'The Yeoman Team' },
35 silly resolved     main: 'app/index.js',
35 silly resolved     engines: { node: '>=0.10.0', npm: '>=1.2.10' },
35 silly resolved     scripts: { test: 'mocha --reporter spec' },
35 silly resolved     files: [ 'app' ],
35 silly resolved     keywords:
35 silly resolved      [ 'yeoman-generator',
35 silly resolved        'web',
35 silly resolved        'app',
35 silly resolved        'front-end',
35 silly resolved        'h5bp',
35 silly resolved        'modernizr',
35 silly resolved        'jquery',
35 silly resolved        'grunt' ],
35 silly resolved     dependencies:
35 silly resolved      { chalk: '^0.5.1',
35 silly resolved        cheerio: '^0.17.0',
35 silly resolved        'yeoman-generator': '~0.17.3',
35 silly resolved        yosay: '~1.0.0' },
35 silly resolved     devDependencies: { mocha: '*', underscore: '^1.6.0' },
35 silly resolved     peerDependencies: { yo: '>=1.2.0', 'generator-mocha': '>=0.1.0' },
35 silly resolved     gitHead: 'ddbc163f38f6313fb368419340e3c42df7d21f06',
35 silly resolved     bugs: { url: 'https://github.com/yeoman/generator-webapp/issues' },
35 silly resolved     homepage: 'https://github.com/yeoman/generator-webapp',
35 silly resolved     _id: 'generator-webapp@0.5.1',
35 silly resolved     _shasum: '4581cd69d5d0010be777863fb4a887b4a9ddb173',
35 silly resolved     _from: 'generator-webapp@',
35 silly resolved     _npmVersion: '2.1.2',
35 silly resolved     _nodeVersion: '0.10.32',
35 silly resolved     _npmUser: { name: 'eddiemonge', email: 'eddie+npm@eddiemonge.com' },
35 silly resolved     maintainers: [ [Object], [Object], [Object], [Object], [Object], [Object] ],
35 silly resolved     dist:
35 silly resolved      { shasum: '4581cd69d5d0010be777863fb4a887b4a9ddb173',
35 silly resolved        tarball: 'http://registry.npmjs.org/generator-webapp/-/generator-webapp-0.5.1.tgz' },
35 silly resolved     directories: {},
35 silly resolved     _resolved: 'https://registry.npmjs.org/generator-webapp/-/generator-webapp-0.5.1.tgz' } ]
36 info install generator-webapp@0.5.1 into /usr/local/lib
37 info installOne generator-webapp@0.5.1
38 verbose lib/node_modules/generator-webapp unbuild
39 verbose tar unpack /Users/arnonhecht/.npm/generator-webapp/0.5.1/package.tgz
40 silly lockFile 44cb70e6-ib-node-modules-generator-webapp tar:///usr/local/lib/node_modules/generator-webapp
41 verbose lock tar:///usr/local/lib/node_modules/generator-webapp /Users/arnonhecht/.npm/44cb70e6-ib-node-modules-generator-webapp.lock
42 silly lockFile cee3da04-nerator-webapp-0-5-1-package-tgz tar:///Users/arnonhecht/.npm/generator-webapp/0.5.1/package.tgz
43 verbose lock tar:///Users/arnonhecht/.npm/generator-webapp/0.5.1/package.tgz /Users/arnonhecht/.npm/cee3da04-nerator-webapp-0-5-1-package-tgz.lock
44 silly gunzTarPerm modes [ '755', '644' ]
45 error Error: EACCES, mkdir '/usr/local/lib/node_modules/generator-webapp'
45 error  { [Error: EACCES, mkdir '/usr/local/lib/node_modules/generator-webapp']
45 error   errno: 3,
45 error   code: 'EACCES',
45 error   path: '/usr/local/lib/node_modules/generator-webapp',
45 error   fstream_type: 'Directory',
45 error   fstream_path: '/usr/local/lib/node_modules/generator-webapp',
45 error   fstream_class: 'DirWriter',
45 error   fstream_stack:
45 error    [ '/usr/local/lib/node_modules/npm/node_modules/tar/node_modules/fstream/lib/dir-writer.js:36:23',
45 error      '/usr/local/lib/node_modules/npm/node_modules/tar/node_modules/fstream/node_modules/mkdirp/index.js:46:53',
45 error      'Object.oncomplete (fs.js:108:15)' ] }
46 error Please try running this command again as root/Administrator.
47 error System Darwin 13.2.0
48 error command "/usr/local/bin/node" "/usr/local/bin/npm" "install" "-g" "generator-webapp"
49 error cwd /Users/arnonhecht/Projects/fug
50 error node -v v0.10.36
51 error npm -v 1.4.28
52 error path /usr/local/lib/node_modules/generator-webapp
53 error fstream_path /usr/local/lib/node_modules/generator-webapp
54 error fstream_type Directory
55 error fstream_class DirWriter
56 error code EACCES
57 error errno 3
58 error stack Error: EACCES, mkdir '/usr/local/lib/node_modules/generator-webapp'
59 error fstream_stack /usr/local/lib/node_modules/npm/node_modules/tar/node_modules/fstream/lib/dir-writer.js:36:23
59 error fstream_stack /usr/local/lib/node_modules/npm/node_modules/tar/node_modules/fstream/node_modules/mkdirp/index.js:46:53
59 error fstream_stack Object.oncomplete (fs.js:108:15)
60 verbose exit [ 3, true ]
